c:\users\tetcos\desktop\sinkhole_attack\src\simulation\dll\aodv.lib
c:\users\tetcos\desktop\sinkhole_attack\src\simulation\dll\aodv.exp
c:\users\tetcos\desktop\sinkhole_attack\src\simulation\aodv\x64\debug\vc141.pdb
c:\users\tetcos\desktop\sinkhole_attack\src\simulation\aodv\x64\debug\vc141.idb
c:\users\tetcos\desktop\sinkhole_attack\src\simulation\aodv\x64\debug\rreq.obj
c:\users\tetcos\desktop\sinkhole_attack\src\simulation\aodv\x64\debug\rrep.obj
c:\users\tetcos\desktop\sinkhole_attack\src\simulation\aodv\x64\debug\routetable.obj
c:\users\tetcos\desktop\sinkhole_attack\src\simulation\aodv\x64\debug\routemaint.obj
c:\users\tetcos\desktop\sinkhole_attack\src\simulation\aodv\x64\debug\malicious.obj
c:\users\tetcos\desktop\sinkhole_attack\src\simulation\aodv\x64\debug\hellomessage.obj
c:\users\tetcos\desktop\sinkhole_attack\src\simulation\aodv\x64\debug\generalpacketprocessing.obj
c:\users\tetcos\desktop\sinkhole_attack\src\simulation\aodv\x64\debug\fifobuffer.obj
c:\users\tetcos\desktop\sinkhole_attack\src\simulation\aodv\x64\debug\aodv_routeerror.obj
c:\users\tetcos\desktop\sinkhole_attack\src\simulation\aodv\x64\debug\aodv_checkroutefound.obj
c:\users\tetcos\desktop\sinkhole_attack\src\simulation\aodv\x64\debug\aodv.obj
c:\users\tetcos\desktop\sinkhole_attack\src\simulation\dll\libaodv.dll
c:\users\tetcos\desktop\sinkhole_attack\src\simulation\dll\aodv.pdb
c:\users\tetcos\desktop\sinkhole_attack\src\simulation\aodv\x64\debug\aodv.tlog\aodv.write.1u.tlog
c:\users\tetcos\desktop\sinkhole_attack\src\simulation\aodv\x64\debug\aodv.tlog\cl.command.1.tlog
c:\users\tetcos\desktop\sinkhole_attack\src\simulation\aodv\x64\debug\aodv.tlog\cl.read.1.tlog
c:\users\tetcos\desktop\sinkhole_attack\src\simulation\aodv\x64\debug\aodv.tlog\cl.write.1.tlog
c:\users\tetcos\desktop\sinkhole_attack\src\simulation\aodv\x64\debug\aodv.tlog\link.13344.delete.1.tlog
c:\users\tetcos\desktop\sinkhole_attack\src\simulation\aodv\x64\debug\aodv.tlog\link.command.1.tlog
c:\users\tetcos\desktop\sinkhole_attack\src\simulation\aodv\x64\debug\aodv.tlog\link.read.1.tlog
c:\users\tetcos\desktop\sinkhole_attack\src\simulation\aodv\x64\debug\aodv.tlog\link.write.1.tlog
