C:\Program Files (x86)\Microsoft Visual Studio\2017\Community\Common7\IDE\VC\VCTargets\Microsoft.CppBuild.targets(377,5): warning MSB8004: Output Directory does not end with a trailing slash.  This build instance will add the slash as it is required to allow proper evaluation of the Output Directory.
  AODV.c
c:\users\tetcos\desktop\sinkhole_attack\src\simulation\aodv\aodv.c(113): warning C4013: 'fn_NetSim_AODV_MaliciousNode' undefined; assuming extern returning int
c:\users\tetcos\desktop\sinkhole_attack\src\simulation\aodv\aodv.c(114): warning C4013: 'fn_NetSim_AODV_MaliciousRouteAddToCache' undefined; assuming extern returning int
c:\users\tetcos\desktop\sinkhole_attack\src\simulation\aodv\aodv.c(137): warning C4013: 'fn_NetSim_AODV_MaliciousProcessSourceRouteOption' undefined; assuming extern returning int
  AODV_CheckRouteFound.c
  AODV_RouteError.c
  FIFOBuffer.c
  GeneralPacketProcessing.c
  HelloMessage.c
  Malicious.c
  RouteMaint.c
  RouteTable.c
  RREP.c
  RREQ.c
  Generating Code...
C:\Program Files (x86)\Microsoft Visual Studio\2017\Community\Common7\IDE\VC\VCTargets\Microsoft.CppBuild.targets(1205,5): warning MSB8012: TargetPath(C:\Users\TETCOS\Desktop\SINKHOLE_ATTACK\src\Simulation\AODV\..\..\..\bin\bin_x64\AODV.dll) does not match the Linker's OutputFile property value (C:\Users\TETCOS\Desktop\SINKHOLE_ATTACK\bin\bin_x64\libAODV.dll). This may cause your project to build incorrectly. To correct this, please make sure that $(OutDir), $(TargetName) and $(TargetExt) property values match the value specified in %(Link.OutputFile).
C:\Program Files (x86)\Microsoft Visual Studio\2017\Community\Common7\IDE\VC\VCTargets\Microsoft.CppBuild.targets(1207,5): warning MSB8012: TargetName(AODV) does not match the Linker's OutputFile property value (libAODV). This may cause your project to build incorrectly. To correct this, please make sure that $(OutDir), $(TargetName) and $(TargetExt) property values match the value specified in %(Link.OutputFile).
AODV.obj : warning LNK4075: ignoring '/EDITANDCONTINUE' due to '/INCREMENTAL:NO' specification
  AODV.lib(AODVlib.obj) : MSIL .netmodule or module compiled with /GL found; restarting link with /LTCG; add /LTCG to the link command line to improve linker performance
AODV.obj : warning LNK4075: ignoring '/EDITANDCONTINUE' due to '/INCREMENTAL:NO' specification
     Creating library ..\..\..\bin\bin_x64\AODV.lib and object ..\..\..\bin\bin_x64\AODV.exp
LINK : warning LNK4098: defaultlib 'MSVCRT' conflicts with use of other libs; use /NODEFAULTLIB:library
  Generating code
  Finished generating code
AODV.lib(AODVlib.obj) : warning LNK4099: PDB 'AODVLib.pdb' was not found with 'AODV.lib(AODVlib.obj)' or at 'C:\Users\TETCOS\Desktop\SINKHOLE_ATTACK\bin\bin_x64\AODVLib.pdb'; linking object as if no debug info
List.lib(List.obj) : warning LNK4099: PDB 'List.pdb' was not found with 'List.lib(List.obj)' or at 'C:\Users\TETCOS\Desktop\SINKHOLE_ATTACK\bin\bin_x64\List.pdb'; linking object as if no debug info
  AODV.vcxproj -> C:\Users\TETCOS\Desktop\SINKHOLE_ATTACK\src\Simulation\AODV\..\..\..\bin\bin_x64\AODV.dll
